2025-09-28 17:08:28,045 - ERROR - Not a git repository: E:\daily_log
2025-09-28 17:09:01,882 - ERROR - Not a git repository: E:\daily_log
2025-09-28 17:09:14,716 - ERROR - Not a git repository: E:\daily_log
2025-09-28 17:09:21,675 - ERROR - Not a git repository: E:\daily_log
2025-09-28 17:12:51,536 - INFO - Repository validated: E:\daily_log
2025-09-28 17:12:51,536 - INFO - Starting daily commit automation...
2025-09-28 17:12:51,537 - INFO - Selected files to update: ['daily_log.md', 'activities.md']
2025-09-28 17:12:51,538 - INFO - Updated file: daily_log.md
2025-09-28 17:12:51,539 - INFO - Updated file: activities.md
2025-09-28 17:12:51,751 - INFO - Committed: Daily update: 2025-09-28
2025-09-28 17:12:53,577 - INFO - Successfully completed daily automation. Updated: ['daily_log.md', 'activities.md']
2025-09-28 17:21:49,084 - INFO - Repository validated: E:\daily_log
2025-09-28 17:21:49,084 - INFO - Starting daily commit automation...
2025-09-28 17:21:49,084 - INFO - Selected files to update: ['README.md']
2025-09-28 17:21:49,099 - INFO - Updated file: README.md
2025-09-28 17:21:49,336 - INFO - Committed: Update: Small improvement - 2025-09-28
2025-09-28 17:21:51,877 - INFO - Successfully completed daily automation. Updated: ['README.md']
2025-09-29 21:48:02,273 - INFO - Repository validated: E:\daily_log
2025-09-29 21:48:02,274 - INFO - Starting daily commit automation...
2025-09-29 21:48:02,274 - INFO - Selected files to update: ['progress.json', 'daily_log.md']
2025-09-29 21:48:02,283 - INFO - Updated file: progress.json
2025-09-29 21:48:02,290 - INFO - Updated file: daily_log.md
2025-09-29 21:48:04,103 - ERROR - Git command failed: git push origin main
2025-09-29 21:48:04,103 - ERROR - Error: To https://github.com/lethimcode456/daily_log.git
 ! [rejected]        main -> main (fetch first)
error: failed to push some refs to 'https://github.com/lethimcode456/daily_log.git'
hint: Updates were rejected because the remote contains work that you do not
hint: have locally. This is usually caused by another repository pushing to
hint: the same ref. If you want to integrate the remote changes, use
hint: 'git pull' before pushing again.
hint: See the 'Note about fast-forwards' in 'git push --help' for details.

2025-09-29 21:48:04,103 - ERROR - Failed to push changes
2025-09-29 21:50:38,035 - INFO - Repository validated: E:\daily_log
2025-09-29 21:50:38,035 - INFO - Starting daily commit automation...
2025-09-29 21:50:38,036 - INFO - Selected files to update: ['progress.json']
2025-09-29 21:50:38,048 - INFO - Updated file: progress.json
2025-09-29 21:50:38,222 - INFO - Committed: Daily progress: cleanup
2025-09-29 21:50:39,641 - ERROR - Git command failed: git push origin main
2025-09-29 21:50:39,641 - ERROR - Error: To https://github.com/lethimcode456/daily_log.git
 ! [rejected]        main -> main (fetch first)
error: failed to push some refs to 'https://github.com/lethimcode456/daily_log.git'
hint: Updates were rejected because the remote contains work that you do not
hint: have locally. This is usually caused by another repository pushing to
hint: the same ref. If you want to integrate the remote changes, use
hint: 'git pull' before pushing again.
hint: See the 'Note about fast-forwards' in 'git push --help' for details.

2025-09-29 21:50:39,641 - ERROR - Failed to push changes
